<?xml version="1.0" encoding="UTF-8"?>
<testsuite xmlns:xsi="http://www.w3.org/2001/XMLSchema-instance" xsi:noNamespaceSchemaLocation="https://maven.apache.org/surefire/maven-surefire-plugin/xsd/surefire-test-report.xsd" name="in.emo.emo.TestCreateUser" time="0.083" tests="4" errors="0" skipped="0" failures="1">
  <properties>
[...]
</properties>
  <testcase name="in.emo.emo.TestCreateUser.testCreateUserWithEmailNull" classname="in.emo.emo.TestCreateUser" time="0.065">
    <failure message="expected: &lt;true&gt; but was: &lt;false&gt;" type="org.opentest4j.AssertionFailedError"><![CDATA[org.opentest4j.AssertionFailedError: expected: <true> but was: <false>
	at org.junit.jupiter.api.AssertionUtils.fail(AssertionUtils.java:55)
	at org.junit.jupiter.api.AssertTrue.assertTrue(AssertTrue.java:40)
	at org.junit.jupiter.api.AssertTrue.assertTrue(AssertTrue.java:35)
	at org.junit.jupiter.api.Assertions.assertTrue(Assertions.java:179)
	at in.emo.emo.TestCreateUser.testCreateUserWithEmailNull(TestCreateUser.java:82)
]]></failure>
  </testcase>
  <testcase name="in.emo.emo.TestCreateUser.testCreateUserWithEmailEmpty" classname="in.emo.emo.TestCreateUser" time="0"/>
  <testcase name="in.emo.emo.TestCreateUser.testCreateUserWithInavlideInput" classname="in.emo.emo.TestCreateUser" time="0"/>
  <testcase name="in.emo.emo.TestCreateUser.testCreateUserWithValidData" classname="in.emo.emo.TestCreateUser" time="0.01"/>
</testsuite>